1712222348829	geckodriver	INFO	Listening on 127.0.0.1:56474
1712222351941	mozrunner::runner	INFO	Running command: "C:\\Program Files\\Mozilla Firefox\\firefox.exe" "--marionette" "--remote-debugging-port" "56475" "--remote-allow-hosts" "localhost" "-no-remote" "-profile" "C:\\Users\\ABDULL~1\\AppData\\Local\\Temp\\rust_mozprofileNaNDZy"
console.warn: services.settings: Ignoring preference override of remote settings server
console.warn: services.settings: Allow by setting MOZ_REMOTE_SETTINGS_DEVTOOLS=1 in the environment
1712222352792	Marionette	INFO	Marionette enabled
Dynamically enable window occlusion 0
1712222352890	Marionette	INFO	Listening on port 56486
WebDriver BiDi listening on ws://127.0.0.1:56475
Read port: 56486
1712222353131	RemoteAgent	WARN	TLS certificate errors will be ignored for this session
DevTools listening on ws://127.0.0.1:56475/devtools/browser/80b5dd08-fe77-4f5b-9d42-10cbc80fa5d6
1712222383006	addons.xpi	ERROR	System addon update list error SyntaxError: XMLHttpRequest.open: 'http://%(server)s/dummy-system-addons.xml' is not a valid URL.
1712222384726	Marionette	INFO	Stopped listening on port 56486
Dynamically enable window occlusion 1
console.warn: services.settings: main/doh-providers sync interrupted by shutdown
console.warn: services.settings: main/doh-config sync interrupted by shutdown
console.warn: services.settings: main/devtools-devices sync interrupted by shutdown
console.warn: services.settings: main/websites-with-shared-credential-backends sync interrupted by shutdown
console.warn: services.settings: main/addons-manager-settings sync interrupted by shutdown
console.warn: services.settings: main/query-stripping sync interrupted by shutdown
console.warn: services.settings: main/search-default-override-allowlist sync interrupted by shutdown
console.warn: services.settings: main/search-config sync interrupted by shutdown
console.warn: services.settings: main/search-config-v2 sync interrupted by shutdown
console.warn: services.settings: main/translations-models sync interrupted by shutdown
console.error: (new AbortError("IndexedDB: main/search-config-icons getLastModified() IndexedDB:  execute() A request was aborted, for example through a call to IDBTransaction.abort.", "resource://services-settings/IDBHelpers.sys.mjs", 16))
